ssh start
Mon Mar  6 21:11:36 UTC 2023
ping
ping
UID        PID  PPID  C STIME TTY          TIME CMD
root         1     0  0 21:11 ?        00:00:00 /usr/bin/dumb-init -- /usr/bin/myinit.sh
root         7     1  0 21:11 ?        00:00:00 /bin/bash /usr/bin/myinit.sh
root        18     1  0 21:11 ?        00:00:00 sshd: /usr/sbin/sshd [listener] 0 of 10-100 startups
root        28     7 99 21:13 ?        00:00:00 ps -ef
UID        PID  PPID  C STIME TTY          TIME CMD
root         1     0  0 21:11 ?        00:00:00 /usr/bin/dumb-init -- /usr/bin/myinit.sh
root         7     1  0 21:11 ?        00:00:00 /bin/bash /usr/bin/myinit.sh
root        38     7  0 21:13 ?        00:00:00 ps -ef
ssh start
Mon Mar  6 21:13:24 UTC 2023
ping
ping
ping
ping
ping
ping
ping
ping
ping
ping
ping
ping
ping
ping
ping
ping
ping
ping
ping
ping
ping
ping
ping
ping
ping
ping
ping
ping
ping
ping
ping
ping
ping
ping
ping
ping
ping
ping
ping
ping
ping
ssh start
Tue Mar  7 18:55:33 UTC 2023
ping
ping
ssh start
Tue Mar  7 18:58:46 UTC 2023
ping
UID        PID  PPID  C STIME TTY          TIME CMD
root         1     0  0 18:58 ?        00:00:00 /usr/bin/dumb-init -- /usr/bin/myinit.sh
root         7     1  0 18:58 ?        00:00:00 /bin/bash /usr/bin/myinit.sh
root        18     1  0 18:58 ?        00:00:00 sshd: /usr/sbin/sshd [listener] 0 of 10-100 startups
root        27     7  0 18:59 ?        00:00:00 ps -ef
UID        PID  PPID  C STIME TTY          TIME CMD
root         1     0  0 18:58 ?        00:00:00 /usr/bin/dumb-init -- /usr/bin/myinit.sh
root         7     1  0 18:58 ?        00:00:00 /bin/bash /usr/bin/myinit.sh
root        37     7  0 18:59 ?        00:00:00 ps -ef
ssh start
Tue Mar  7 18:59:22 UTC 2023
ping
ping
ping
ping
ping
ping
ping
UID        PID  PPID  C STIME TTY          TIME CMD
root         1     0  0 18:59 ?        00:00:00 /usr/bin/dumb-init -- /usr/bin/myinit.sh
root         7     1  0 18:59 ?        00:00:00 /bin/bash /usr/bin/myinit.sh
root        18     1  0 18:59 ?        00:00:00 sshd: /usr/sbin/sshd [listener] 0 of 10-100 startups
root       533     7  0 19:06 ?        00:00:00 ps -ef
UID        PID  PPID  C STIME TTY          TIME CMD
root         1     0  0 18:59 ?        00:00:00 /usr/bin/dumb-init -- /usr/bin/myinit.sh
root         7     1  0 18:59 ?        00:00:00 /bin/bash /usr/bin/myinit.sh
root       543     7  0 19:06 ?        00:00:00 ps -ef
ssh start
Tue Mar  7 19:06:46 UTC 2023
ping
ping
ping
ping
ping
ping
ping
ping
ping
ping
ping
UID        PID  PPID  C STIME TTY          TIME CMD
root         1     0  0 19:06 ?        00:00:00 /usr/bin/dumb-init -- /usr/bin/myinit.sh
root         7     1  0 19:06 ?        00:00:00 /bin/bash /usr/bin/myinit.sh
root        18     1  0 19:06 ?        00:00:00 sshd: /usr/sbin/sshd [listener] 0 of 10-100 startups
root        80     7 99 19:17 ?        00:00:00 ps -ef
UID        PID  PPID  C STIME TTY          TIME CMD
root         1     0  0 19:06 ?        00:00:00 /usr/bin/dumb-init -- /usr/bin/myinit.sh
root         7     1  0 19:06 ?        00:00:00 /bin/bash /usr/bin/myinit.sh
root        18     1  0 19:06 ?        00:00:00 sshd: /usr/sbin/sshd [listener] 0 of 10-100 startups
root        90     7  0 19:17 ?        00:00:00 ps -ef
ssh start
Tue Mar  7 19:17:37 UTC 2023
ping
ping
ping
ping
ping
ping
ping
ping
ping
ping
ping
ping
ping
ping
ping
ping
ping
ping
ping
ping
ping
ping
ping
ping
ping
ping
ping
ping
ping
ping
ping
ping
ping
ping
ping
ping
ping
ping
ping
ping
ping
ping
ping
ping
ping
ping
ping
ping
ping
ping
ping
ping
ping
ping
ping
ping
ping
ping
ping
ping
ping
ping
ping
ping
ping
ping
ping
ping
ping
ping
ping
ping
ping
ping
ping
ping
ssh start
Tue Mar  7 20:56:20 UTC 2023
ping
ping
ping
ping
ping
ping
ping
ping
ping
ping
ping
ping
ping
ping
ping
ping
ping
ping
ping
ping
ping
ping
ping
ping
ping
ping
ping
ping
ping
ping
ping
ping
ping
ping
ping
ping
ping
ping
ping
ping
ping
ping
ping
ping
ping
ping
ping
ping
ping
ping
ping
ping
ping
ping
ping
ping
ping
ping
ping
ping
ping
ping
ping
ping
ping
ping
ping
ping
ping
ping
ping
ping
ping
ping
ping
ping
ping
ping
ping
ping
ping
ping
ping
ping
ping
ping
ping
ping
ping
ping
ping
ping
ping
ping
ping
ping
ping
ping
ping
ping
ping
ping
ping
ping
ping
ping
ping
ping
ping
ping
ping
ping
ping
ping
ping
ping
ping
ping
ping
ping
ping
ping
ping
ping
ping
ping
ping
ping
ping
ping
ping
ping
ping
ping
ping
ping
ping
ping
ping
ping
ping
ping
ping
ping
ping
ping
ping
ping
ping
ping
ping
ping
ping
ping
ping
ping
ping
ping
ping
ping
ping
ping
ping
ping
ping
ping
ping
ping
ping
ping
ping
ping
ping
ping
ping
ping
ping
ping
ping
ping
ping
ping
ping
ping
ping
ping
ping
ping
ping
ping
ping
ping
ping
ping
ping
ping
ping
ping
ping
ping
ping
ping
ping
ping
ping
ping
ping
ping
ping
ping
ping
ping
ping
ping
ping
ping
ping
ping
ping
ping
ping
ping
ping
ping
ping
ping
ping
ping
ping
ping
ping
ping
ping
ping
ping
ping
ping
ping
ping
ping
ping
ping
ping
ping
ping
ping
ping
ping
ping
ping
ping
ping
ping
ping
ping
ping
ping
ping
ping
ping
ping
ping
ping
ping
ping
ping
ping
ping
ping
ping
ping
ping
ping
ping
ping
ping
ping
ping
ping
ping
ping
ping
ping
ping
ping
ping
ping
ping
ping
ping
ping
ping
ping
ping
ping
ping
ping
ping
ping
ping
ping
ping
ping
ping
ping
ping
ping
ping
ping
ping
ping
ping
ping
ping
ping
ping
ping
ping
ping
ping
ping
ping
ping
ping
ping
ping
ping
ping
ping
ping
ping
ping
ping
ping
ping
ping
ping
ping
ping
ping
ping
ping
ping
ping
ping
ping
ping
ping
ping
ping
ping
ping
ping
ping
ping
ping
ping
ping
ping
ping
ping
ping
ping
ping
ping
ping
ping
ping
ping
ping
ping
ping
ping
ping
ping
ping
ping
ping
ping
ping
ping
ping
ping
ping
ping
ping
ping
ping
ping
ping
ping
ping
ping
ping
ping
ping
ping
ping
ping
ping
ping
ping
ping
ping
ping
ping
ping
ping
ping
ping
ping
ping
ping
ping
ping
ping
ping
ping
ping
ping
ping
ping
ping
ping
ping
ping
ping
ping
ping
ping
ping
ping
ping
ping
ping
ping
ping
ping
ping
ping
ping
ping
ping
ping
ping
ping
ping
ping
ping
ping
ping
ping
ping
ping
ping
ping
ping
ping
ping
ping
ping
ping
ping
ping
ping
ping
ping
ping
ping
ping
ping
ping
ping
ping
ping
ping
ping
ping
ping
ping
ping
ping
ping
ping
ping
ping
ping
ping
ping
ping
ping
ping
ping
ping
ping
ping
ping
ping
ping
ping
ping
ping
ping
ping
ping
ping
ping
ping
ping
ping
ping
ping
ping
ping
ping
ping
ping
ping
ping
ping
ping
ping
ping
ping
ping
ping
ping
ping
ping
ping
ping
ping
ping
ping
ping
ping
ping
ping
ping
ping
ping
ping
ping
ping
ping
ping
ping
ping
ping
ping
ping
ping
ping
ping
ping
ping
ping
ping
ping
ping
ping
ping
ping
ping
ping
ping
ping
ping
ping
ping
ping
ping
ping
ping
ping
ping
ping
ping
ping
ping
ping
ping
ping
ping
ping
ping
ping
ping
ping
ping
ping
ping
ping
ping
ping
ping
ping
ping
ping
ping
ping
ping
ping
ping
ping
ping
ping
ping
ping
ping
ping
ping
ping
ping
ping
ping
ping
ping
ping
ping
ping
ping
ping
ping
ping
ping
ping
ping
ping
ping
ping
ping
ping
ping
ping
ping
ping
ping
ping
ping
ping
ping
ping
ping
ping
ping
ping
ping
ping
ping
ping
ping
ping
ping
ping
ping
ping
ping
ping
ping
ping
ping
ping
ping
ping
ping
ping
ping
ping
ping
ping
ping
ping
ping
ping
ping
ping
ping
ping
ping
ping
ping
ping
ping
ping
ping
ping
ping
ping
ping
ping
ping
ping
ping
ping
ping
ping
ping
ping
ping
ping
ping
ping
ping
ping
ping
ping
ping
ping
ping
ping
ping
ping
ping
ping
ping
ping
ping
ping
ping
ping
ping
ping
ping
ping
ping
ping
ping
ping
ping
ping
ping
ping
ping
ping
ping
ping
ping
ping
ping
ping
ping
ping
ping
ping
ping
ping
ping
ping
ping
ping
ping
ping
ping
ping
ping
ping
ping
ping
ping
ping
ping
ping
ping
ping
ping
ping
ping
ping
ping
ping
ping
ping
ping
ping
ping
ping
ping
ping
ping
ping
ping
ping
ping
ping
ping
ping
ping
ping
ping
ping
ping
ping
ping
ping
ping
ping
ping
ping
ping
ping
ping
ping
ping
ping
ping
ping
ping
ping
ping
ping
ping
ping
ping
ping
ping
ping
ping
ping
ping
ping
ping
ping
ping
ping
ping
ping
ping
ping
ping
ping
ping
ping
ping
ping
ping
ping
ping
ping
ping
ping
ping
ping
ping
ping
ping
ping
ping
ping
ping
ping
ping
ping
ping
ping
ping
ping
ping
ping
ping
ping
ping
ping
ping
ping
ping
ping
ping
ping
ping
ping
ping
ping
ping
ping
ping
ping
ping
ping
ping
ping
ping
ping
ping
ping
ping
ping
ping
ping
ping
ping
ping
ping
ping
ping
ping
ping
ping
ping
ping
ping
ping
ping
ping
ping
ping
ping
ping
ping
ping
ping
ping
ping
ping
ping
ping
ping
ping
ping
ping
ping
ping
ping
ping
ping
ping
ping
ping
ping
ping
ping
ping
ping
ping
ping
ping
ping
ping
ping
ping
ping
ping
ping
ping
ping
ping
ping
ping
ping
ping
ping
ping
ping
ping
ping
ping
ping
ping
ping
ping
ping
ping
ping
ping
ping
ping
ping
ping
ping
ping
ping
ping
ping
ping
ping
ping
ping
ping
ping
ping
ping
ping
ping
ping
ping
ping
ping
ping
ping
ping
ping
ping
ping
ping
ping
ping
ping
ping
ping
ping
ping
ping
ping
ping
ping
ping
ping
ping
ping
ping
ping
ping
ping
ping
ping
ping
ping
ping
ping
ping
ping
ping
ping
ping
ping
ping
ping
ping
ping
ping
ping
ping
ping
ping
ping
ping
ping
ping
ping
ping
ping
ping
ping
ping
ping
ping
ping
ping
ping
ping
ping
ping
ping
ping
ping
ping
ping
ping
ping
ping
ping
ping
ping
ping
ping
ping
ping
ping
ping
ping
ping
ping
ping
ping
ping
ping
ping
ping
ping
ping
ping
ping
ping
ping
ping
ping
ping
ping
ping
ping
ping
ping
ping
ping
ping
ping
ping
ping
ping
ping
ping
ping
ping
ping
ping
ping
ping
ping
ping
ping
ping
ping
ping
ping
ping
ping
ping
ping
ping
ping
ping
ping
ping
ping
ping
ping
ping
ping
ping
ping
ping
ping
ping
ping
ping
ping
ping
ping
ping
ping
ping
ping
ping
ping
ping
ping
ping
ping
ping
ping
ping
ping
ping
ping
ping
ping
ping
ping
ping
ping
ping
ping
ping
ping
ping
ping
ping
ping
ping
ping
ping
ping
ping
ping
ping
ping
ping
ping
ping
ping
ping
ping
ping
ping
ping
ping
ping
ping
ping
ping
ping
ping
ping
ping
ping
ping
ping
UID        PID  PPID  C STIME TTY          TIME CMD
root         1     0  0 Mar08 ?        00:00:00 /usr/bin/dumb-init -- /usr/bin/myinit.sh
root         8     1  0 Mar08 ?        00:00:00 /bin/bash /usr/bin/myinit.sh
root        19     1  0 Mar08 ?        00:00:00 sshd: /usr/sbin/sshd [listener] 0 of 10-100 startups
root        94     8 99 00:10 ?        00:00:00 ps -ef
UID        PID  PPID  C STIME TTY          TIME CMD
root         1     0  0 Mar08 ?        00:00:00 /usr/bin/dumb-init -- /usr/bin/myinit.sh
root         8     1  0 Mar08 ?        00:00:00 /bin/bash /usr/bin/myinit.sh
root        19     1  0 Mar08 ?        00:00:00 sshd: /usr/sbin/sshd [listener] 0 of 10-100 startups
root       104     8 99 00:10 ?        00:00:00 ps -ef
ssh start
Thu Mar  9 10:50:31 UTC 2023
ping
ping
ping
UID        PID  PPID  C STIME TTY          TIME CMD
root         1     0  0 10:50 ?        00:00:00 /usr/bin/dumb-init -- /usr/bin/myinit.sh
root         7     1  0 10:50 ?        00:00:00 /bin/bash /usr/bin/myinit.sh
root        18     1  0 10:50 ?        00:00:00 sshd: /usr/sbin/sshd [listener] 0 of 10-100 startups
root        82     7  0 10:52 ?        00:00:00 ps -ef
UID        PID  PPID  C STIME TTY          TIME CMD
root         1     0  0 10:50 ?        00:00:00 /usr/bin/dumb-init -- /usr/bin/myinit.sh
root         7     1  0 10:50 ?        00:00:00 /bin/bash /usr/bin/myinit.sh
root        92     7  0 10:52 ?        00:00:00 ps -ef
ssh start
Thu Mar  9 10:52:57 UTC 2023
ping
ping
ping
ping
ping
ping
ping
ping
ping
UID        PID  PPID  C STIME TTY          TIME CMD
root         1     0  0 10:53 ?        00:00:00 /usr/bin/dumb-init -- /usr/bin/myinit.sh
root         7     1  0 10:53 ?        00:00:00 /bin/bash /usr/bin/myinit.sh
root        18     1  0 10:53 ?        00:00:00 sshd: /usr/sbin/sshd [listener] 0 of 10-100 startups
root        98     7 99 11:01 ?        00:00:00 ps -ef
UID        PID  PPID  C STIME TTY          TIME CMD
root         1     0  0 10:53 ?        00:00:00 /usr/bin/dumb-init -- /usr/bin/myinit.sh
root         7     1  0 10:53 ?        00:00:00 /bin/bash /usr/bin/myinit.sh
root        18     1  0 10:53 ?        00:00:00 sshd: /usr/sbin/sshd [listener] 0 of 10-100 startups
root       108     7  0 11:01 ?        00:00:00 ps -ef
ssh start
Thu Mar  9 11:01:30 UTC 2023
ping
ping
ping
ping
ping
ping
ping
ping
ping
ping
ping
ping
ping
ping
ping
ping
ping
ping
ping
ping
ping
ping
ping
ping
ping
ping
ping
ping
ping
ping
ping
ping
ping
ping
ping
ping
ping
ping
ping
ping
ping
ping
ping
ping
ping
ping
ping
ping
ping
ping
ping
ping
ping
ping
ping
ping
ping
ping
ping
ping
ping
ping
ping
ping
ping
ping
ping
ping
ping
ping
ping
ping
ping
ping
ping
ping
ping
ping
ping
ping
ping
ping
ping
ping
ping
ping
ping
ping
ping
ping
ping
ping
ping
ping
ping
ping
ping
ping
ping
ping
ping
ping
ping
ping
ping
ping
ping
ping
ping
ping
ping
ping
ping
ping
ping
ping
ping
ping
ping
ping
ping
ping
ping
ping
ping
ping
ping
ping
ping
ping
ping
ping
ping
ping
ping
ping
ping
ping
ping
ping
ping
ping
ping
ping
ping
ping
ping
ping
ping
ping
ping
ping
ping
ping
ping
ping
ping
ping
ping
ping
ping
ping
ping
ping
ping
ping
ping
ping
ping
ping
ping
ping
ping
ping
ping
ping
ping
ping
ping
ping
ping
ping
ping
ping
ping
ping
ping
ping
ping
ping
ping
ping
ssh start
Thu Mar  9 18:15:57 UTC 2023
ping
ping
ping
ping
ping
ping
ping
ping
ping
ping
ping
ping
ping
ping
ping
ping
ping
ping
ping
ping
ping
ping
ping
ping
ping
ping
ping
ping
ping
ping
ping
ping
ping
ping
ping
ping
ping
ping
ping
ping
ping
ping
ping
ping
ping
ping
ping
ping
ping
ping
ping
ping
ping
ping
ping
ping
ping
ping
ping
ping
ping
ping
ping
ping
ping
ping
ping
ping
ping
ping
ping
ping
ping
ping
ping
ping
ping
ping
ping
ping
ping
ping
ping
ping
ping
ping
ping
ping
ping
ping
ping
ping
ping
ping
ping
ping
ping
ping
ping
UID        PID  PPID  C STIME TTY          TIME CMD
root         1     0  0 18:15 ?        00:00:00 /usr/bin/dumb-init -- /usr/bin/myinit.sh
root         7     1  0 18:15 ?        00:00:00 /bin/bash /usr/bin/myinit.sh
root        18     1  0 18:15 ?        00:00:00 sshd: /usr/sbin/sshd [listener] 0 of 10-100 startups
root        93     7  0 19:54 ?        00:00:00 ps -ef
UID        PID  PPID  C STIME TTY          TIME CMD
root         1     0  0 18:15 ?        00:00:00 /usr/bin/dumb-init -- /usr/bin/myinit.sh
root         7     1  0 18:15 ?        00:00:00 /bin/bash /usr/bin/myinit.sh
root       103     7  0 19:54 ?        00:00:00 ps -ef
