Stopping OpenBSD Secure Shell server: sshd.
UID        PID  PPID  C STIME TTY          TIME CMD
root         1     0  0 18:57 ?        00:00:00 /usr/bin/dumb-init -- /usr/bin/myinit.sh
root         7     1  0 18:57 ?        00:00:00 /bin/bash /usr/bin/myinit.sh
root       451     7  0 19:12 ?        00:00:00 ps -ef
start mariadb2
ping
ping
ping
ping
ping
ping
ping
ping
ping
ping
ping
ping
ping
ping
ping
ping
ping
ping
ping
ping
ping
ping
ping
ping
ping
ping
ping
ping
ping
ping
ping
ping
ping
ping
ping
ping
ping
ping
ping
ping
ping
ping
ping
ping
ping
ping
ping
ping
ping
ping
ping
ping
ping
ping
ping
ping
ping
ping
ping
ping
ping
ping
ping
ping
ping
ping
ping
ping
ping
ping
ping
ping
ping
ping
ping
ping
ping
ping
ping
ping
ping
ping
ping
