start apache2
ping
ping
ping
ping
ping
ping
ping
ping
ping
ping
ping
ping
ping
ping
ping
ping
ping
ping
ping
ping
ping
ping
ping
ping
ping
ping
ping
ping
ping
ping
ping
ping
ping
ping
ping
ping
ping
ping
ping
ping
ping
ping
ping
ping
ping
ping
ping
ping
ping
ping
ping
ping
ping
ping
ping
ping
ping
ping
ping
ping
ping
ping
ping
ping
ping
ping
ping
ping
ping
ping
ping
ping
ping
ping
ping
ping
ping
ping
ping
Stopping Apache httpd web server: apache2.
Stopping OpenBSD Secure Shell server: sshd.
UID        PID  PPID  C STIME TTY          TIME CMD
root         1     0  0 Mar08 ?        00:00:00 /usr/bin/dumb-init -- /usr/bin/myinit.sh
root         7     1  0 Mar08 ?        00:00:00 /bin/bash /usr/bin/myinit.sh
root       172     1  0 Mar08 ?        00:00:00 sshd: user [priv]
user       178   172  0 Mar08 ?        00:00:00 sshd: user@pts/0
user       179   178  0 Mar08 pts/0    00:00:00 -bash
root       216     7 66 00:10 ?        00:00:00 ps -ef
start apache2
ping
ping
ping
ping
ping
ping
ping
ping
ping
ping
ping
Stopping Apache httpd web server: apache2.
Stopping OpenBSD Secure Shell server: sshd.
UID        PID  PPID  C STIME TTY          TIME CMD
root         1     0  0 10:50 ?        00:00:00 /usr/bin/dumb-init -- /usr/bin/myinit.sh
root         7     1  0 10:50 ?        00:00:00 /bin/bash /usr/bin/myinit.sh
root       202     7  0 11:00 ?        00:00:00 ps -ef
start apache2
ping
ping
ping
ping
ping
ping
ping
ping
ping
ping
ping
ping
ping
ping
ping
ping
ping
ping
ping
ping
ping
ping
ping
ping
ping
ping
ping
ping
ping
ping
ping
ping
ping
ping
ping
ping
ping
ping
ping
ping
ping
ping
ping
ping
ping
ping
ping
ping
ping
ping
ping
ping
ping
ping
ping
ping
ping
ping
ping
ping
ping
ping
ping
ping
ping
ping
ping
ping
ping
ping
ping
ping
ping
ping
ping
ping
ping
ping
ping
ping
ping
ping
ping
ping
ping
ping
ping
ping
ping
ping
ping
ping
ping
ping
ping
ping
ping
ping
ping
ping
ping
ping
ping
ping
ping
ping
ping
ping
ping
ping
ping
ping
ping
ping
ping
ping
ping
ping
ping
ping
ping
ping
ping
ping
ping
ping
ping
ping
ping
ping
ping
ping
ping
ping
ping
ping
ping
ping
ping
ping
ping
ping
ping
ping
ping
ping
ping
ping
ping
ping
ping
ping
ping
ping
ping
ping
ping
ping
ping
ping
ping
ping
ping
ping
ping
ping
ping
ping
ping
ping
ping
ping
ping
ping
ping
ping
ping
ping
ping
ping
ping
ping
ping
ping
ping
ping
ping
ping
ping
ping
ping
ping
start apache2
ping
ping
ping
ping
ping
ping
ping
ping
ping
ping
ping
ping
ping
ping
ping
ping
ping
ping
ping
ping
ping
ping
ping
ping
ping
ping
ping
ping
ping
ping
ping
ping
ping
ping
ping
ping
ping
ping
ping
ping
ping
ping
ping
ping
ping
ping
ping
ping
ping
ping
ping
ping
ping
ping
ping
ping
ping
ping
ping
ping
ping
ping
ping
ping
ping
ping
ping
ping
ping
ping
ping
ping
ping
ping
ping
ping
ping
ping
ping
ping
ping
ping
ping
ping
ping
ping
ping
ping
ping
ping
ping
ping
ping
ping
ping
ping
ping
ping
ping
ping
ping
ping
ping
Stopping Apache httpd web server: apache2.
Stopping OpenBSD Secure Shell server: sshd.
UID        PID  PPID  C STIME TTY          TIME CMD
root         1     0  0 18:12 ?        00:00:00 /usr/bin/dumb-init -- /usr/bin/myinit.sh
root         7     1  0 18:12 ?        00:00:00 /bin/bash /usr/bin/myinit.sh
root       184     1  0 19:49 ?        00:00:00 sshd: user [priv]
user       190   184  0 19:49 ?        00:00:00 sshd: user@pts/0
user       191   190  0 19:49 pts/0    00:00:00 -bash
root       226     7  0 19:55 ?        00:00:00 ps -ef
